<?xml version="1.0" encoding="UTF-8"?>
<testng-results ignored="0" total="1" passed="1" failed="0" skipped="0">
  <reporter-output>
  </reporter-output>
  <suite started-at="2026-06-16T21:14:32 IST" name="Surefire suite" finished-at="2026-06-16T21:14:32 IST" duration-ms="171">
    <groups>
      <group name="cucumber">
        <method signature="AbstractTestNGCucumberTests.runScenario(io.cucumber.testng.PickleWrapper,io.cucumber.testng.FeatureWrapper)[pri:0, instance:com.runner.TestRunner@27ce24aa]" name="runScenario" class="io.cucumber.testng.AbstractTestNGCucumberTests"/>
      </group> <!-- cucumber -->
    </groups>
    <test started-at="2026-06-16T21:14:32 IST" name="Surefire test" finished-at="2026-06-16T21:14:32 IST" duration-ms="171">
      <class name="com.runner.TestRunner">
        <test-method is-config="true" signature="setUpClass(org.testng.ITestContext)[pri:0, instance:com.runner.TestRunner@27ce24aa]" started-at="2026-06-16T21:14:32 IST" name="setUpClass" finished-at="2026-06-16T21:14:32 IST" duration-ms="125" status="PASS">
          <params>
            <param index="0">
              <value>
                <![CDATA[org.testng.TestRunner@210ab13f]]>
              </value>
            </param>
          </params>
          <reporter-output>
          </reporter-output>
        </test-method> <!-- setUpClass -->
        <test-method is-config="true" signature="tearDownClass()[pri:0, instance:com.runner.TestRunner@27ce24aa]" started-at="2026-06-16T21:14:32 IST" name="tearDownClass" finished-at="2026-06-16T21:14:32 IST" duration-ms="2" status="PASS">
          <reporter-output>
          </reporter-output>
        </test-method> <!-- tearDownClass -->
      </class> <!-- com.runner.TestRunner -->
      <class name="com.example.LoginTest">
        <test-method signature="test1()[pri:0, instance:com.example.LoginTest@29626d54]" started-at="2026-06-16T21:14:32 IST" name="test1" finished-at="2026-06-16T21:14:32 IST" duration-ms="5" status="PASS">
          <reporter-output>
          </reporter-output>
        </test-method> <!-- test1 -->
      </class> <!-- com.example.LoginTest -->
    </test> <!-- Surefire test -->
  </suite> <!-- Surefire suite -->
</testng-results>
